<?xml version="1.0" encoding="UTF-8"?>
<testsuite xmlns:xsi="http://www.w3.org/2001/XMLSchema-instance" xsi:noNamespaceSchemaLocation="https://maven.apache.org/surefire/maven-surefire-plugin/xsd/surefire-test-report.xsd" name="com.weather.app.AppTest" time="0.023" tests="1" errors="0" skipped="0" failures="0">
  <properties>
    <property name="sun.desktop" value="gnome"/>
    <property name="awt.toolkit" value="sun.awt.X11.XToolkit"/>
    <property name="java.specification.version" value="11"/>
    <property name="sun.cpu.isalist" value=""/>
    <property name="sun.jnu.encoding" value="UTF-8"/>
    <property name="java.class.path" value="/home/ricardo/Documents/IES_98388/lab1/lab1_5/IpmaApiClient/IpmaApiClient/target/test-classes:/home/ricardo/Documents/IES_98388/lab1/lab1_5/IpmaApiClient/IpmaApiClient/target/classes:/home/ricardo/.m2/repository/com/squareup/retrofit2/retrofit/2.9.0/retrofit-2.9.0.jar:/home/ricardo/.m2/repository/com/squareup/okhttp3/okhttp/3.14.9/okhttp-3.14.9.jar:/home/ricardo/.m2/repository/com/squareup/okio/okio/1.17.2/okio-1.17.2.jar:/home/ricardo/.m2/repository/com/squareup/retrofit2/converter-gson/2.3.0/converter-gson-2.3.0.jar:/home/ricardo/.m2/repository/com/google/code/gson/gson/2.7/gson-2.7.jar:/home/ricardo/.m2/repository/junit/junit/4.11/junit-4.11.jar:/home/ricardo/.m2/repository/org/hamcrest/hamcrest-core/1.3/hamcrest-core-1.3.jar:"/>
    <property name="java.vm.vendor" value="Ubuntu"/>
    <property name="sun.arch.data.model" value="64"/>
    <property name="java.vendor.url" value="https://ubuntu.com/"/>
    <property name="user.timezone" value=""/>
    <property name="user.country.format" value="PT"/>
    <property name="java.vm.specification.version" value="11"/>
    <property name="os.name" value="Linux"/>
    <property name="sun.java.launcher" value="SUN_STANDARD"/>
    <property name="user.country" value="US"/>
    <property name="sun.boot.library.path" value="/usr/lib/jvm/java-11-openjdk-amd64/lib"/>
    <property name="sun.java.command" value="/home/ricardo/Documents/IES_98388/lab1/lab1_5/IpmaApiClient/IpmaApiClient/target/surefire/surefirebooter7549619062932058589.jar /home/ricardo/Documents/IES_98388/lab1/lab1_5/IpmaApiClient/IpmaApiClient/target/surefire 2021-10-21T20-17-48_699-jvmRun1 surefire11005825507131546902tmp surefire_010820306309417832091tmp"/>
    <property name="jdk.debug" value="release"/>
    <property name="surefire.test.class.path" value="/home/ricardo/Documents/IES_98388/lab1/lab1_5/IpmaApiClient/IpmaApiClient/target/test-classes:/home/ricardo/Documents/IES_98388/lab1/lab1_5/IpmaApiClient/IpmaApiClient/target/classes:/home/ricardo/.m2/repository/com/squareup/retrofit2/retrofit/2.9.0/retrofit-2.9.0.jar:/home/ricardo/.m2/repository/com/squareup/okhttp3/okhttp/3.14.9/okhttp-3.14.9.jar:/home/ricardo/.m2/repository/com/squareup/okio/okio/1.17.2/okio-1.17.2.jar:/home/ricardo/.m2/repository/com/squareup/retrofit2/converter-gson/2.3.0/converter-gson-2.3.0.jar:/home/ricardo/.m2/repository/com/google/code/gson/gson/2.7/gson-2.7.jar:/home/ricardo/.m2/repository/junit/junit/4.11/junit-4.11.jar:/home/ricardo/.m2/repository/org/hamcrest/hamcrest-core/1.3/hamcrest-core-1.3.jar:"/>
    <property name="sun.cpu.endian" value="little"/>
    <property name="user.home" value="/home/ricardo"/>
    <property name="user.language" value="en"/>
    <property name="java.specification.vendor" value="Oracle Corporation"/>
    <property name="java.version.date" value="2021-04-20"/>
    <property name="java.home" value="/usr/lib/jvm/java-11-openjdk-amd64"/>
    <property name="file.separator" value="/"/>
    <property name="basedir" value="/home/ricardo/Documents/IES_98388/lab1/lab1_5/IpmaApiClient/IpmaApiClient"/>
    <property name="java.vm.compressedOopsMode" value="32-bit"/>
    <property name="line.separator" value="&#10;"/>
    <property name="java.specification.name" value="Java Platform API Specification"/>
    <property name="java.vm.specification.vendor" value="Oracle Corporation"/>
    <property name="java.awt.graphicsenv" value="sun.awt.X11GraphicsEnvironment"/>
    <property name="surefire.real.class.path" value="/home/ricardo/Documents/IES_98388/lab1/lab1_5/IpmaApiClient/IpmaApiClient/target/surefire/surefirebooter7549619062932058589.jar"/>
    <property name="sun.management.compiler" value="HotSpot 64-Bit Tiered Compilers"/>
    <property name="java.runtime.version" value="11.0.11+9-Ubuntu-0ubuntu2.20.04"/>
    <property name="user.name" value="ricardo"/>
    <property name="path.separator" value=":"/>
    <property name="os.version" value="5.11.0-38-generic"/>
    <property name="java.runtime.name" value="OpenJDK Runtime Environment"/>
    <property name="file.encoding" value="UTF-8"/>
    <property name="java.vm.name" value="OpenJDK 64-Bit Server VM"/>
    <property name="localRepository" value="/home/ricardo/.m2/repository"/>
    <property name="java.vendor.url.bug" value="https://bugs.launchpad.net/ubuntu/+source/openjdk-lts"/>
    <property name="java.io.tmpdir" value="/tmp"/>
    <property name="java.version" value="11.0.11"/>
    <property name="user.dir" value="/home/ricardo/Documents/IES_98388/lab1/lab1_5/IpmaApiClient/IpmaApiClient"/>
    <property name="os.arch" value="amd64"/>
    <property name="java.vm.specification.name" value="Java Virtual Machine Specification"/>
    <property name="java.awt.printerjob" value="sun.print.PSPrinterJob"/>
    <property name="user.language.format" value="pt"/>
    <property name="sun.os.patch.level" value="unknown"/>
    <property name="java.library.path" value="/usr/java/packages/lib:/usr/lib/x86_64-linux-gnu/jni:/lib/x86_64-linux-gnu:/usr/lib/x86_64-linux-gnu:/usr/lib/jni:/lib:/usr/lib"/>
    <property name="java.vm.info" value="mixed mode, sharing"/>
    <property name="java.vendor" value="Ubuntu"/>
    <property name="java.vm.version" value="11.0.11+9-Ubuntu-0ubuntu2.20.04"/>
    <property name="sun.io.unicode.encoding" value="UnicodeLittle"/>
    <property name="java.class.version" value="55.0"/>
  </properties>
  <testcase name="shouldAnswerWithTrue" classname="com.weather.app.AppTest" time="0.001"/>
</testsuite>